批次 17 (行 281-290) 返回结果数 9 与输入数 10 不符，返回内容: [
    {"1p": "n", "2p": "n"},
    {"1p": "n", "2p": ""},
    {"1p": "n", "2p": ""},
    {"1p": "v", "2p": ""},
    {"1p": "n", "2p": ""},
    {"1p": "v", "2p": ""},
    {"1p": "n", "2p": "n"},
    {"1p": "n", "2p": "n"},
    {"1p": "n", "2p": "n"}
]
批次 38 (行 491-500) 返回结果数 9 与输入数 10 不符，返回内容: [
    {"1p": "n", "2p": ""},
    {"1p": "v", "2p": "a"},
    {"1p": "a", "2p": "n"},
    {"1p": "n", "2p": ""},
    {"1p": "a", "2p": "n"},
    {"1p": "n", "2p": ""},
    {"1p": "a", "2p": ""},
    {"1p": "n", "2p": "a"},
    {"1p": "n", "2p": "a"}
]
批次 52 (行 631-640) 返回结果数 9 与输入数 10 不符，返回内容: [
    {"1p": "v", "2p": ""},
    {"1p": "a", "2p": ""},
    {"1p": "a", "2p": "n"},
    {"1p": "a", "2p": ""},
    {"1p": "n", "2p": ""},
    {"1p": "n", "2p": ""},
    {"1p": "n", "2p": ""},
    {"1p": "n", "2p": "n"},
    {"1p": "n", "2p": ""}
]
批次 69 (行 801-810) 返回结果数 9 与输入数 10 不符，返回内容: [
    {"1p": "a", "2p": "n"},
    {"1p": "v", "2p": ""},
    {"1p": "n", "2p": ""},
    {"1p": "n", "2p": ""},
    {"1p": "n", "2p": ""},
    {"1p": "v", "2p": ""},
    {"1p": "n", "2p": "n"},
    {"1p": "n", "2p": ""},
    {"1p": "v", "2p": "n"}
]
批次 93 (行 1041-1050) 返回结果数 9 与输入数 10 不符，返回内容: [{"1p": "n", "2p": "n"}, {"1p": "a", "2p": ""}, {"1p": "n", "2p": "n"}, {"1p": "n", "2p": ""}, {"1p": "n", "2p": ""}, {"1p": "n", "2p": ""}, {"1p": "n", "2p": ""}, {"1p": "v", "2p": ""}, {"1p": "n", "2p": "v"}]
批次 130 (行 1411-1420) 返回结果数 9 与输入数 10 不符，返回内容: [
    {"1p": "v", "2p": "n"},
    {"1p": "n", "2p": ""},
    {"1p": "n", "2p": ""},
    {"1p": "n", "2p": ""},
    {"1p": "v", "2p": "n"},
    {"1p": "n", "2p": ""},
    {"1p": "n", "2p": "v"},
    {"1p": "n", "2p": ""},
    {"1p": "v", "2p": ""}
]
批次 162 (行 1731-1740) 返回结果数 9 与输入数 10 不符，返回内容: [
    {"1p": "v", "2p": ""},
    {"1p": "n", "2p": "a"},
    {"1p": "n", "2p": ""},
    {"1p": "v", "2p": ""},
    {"1p": "a", "2p": ""},
    {"1p": "v", "2p": ""},
    {"1p": "a", "2p": "n"},
    {"1p": "a", "2p": ""},
    {"1p": "n", "2p": ""}
]
批次 249 (行 2601-2610) 返回结果数 9 与输入数 10 不符，返回内容: [
    {"1p": "n", "2p": ""},
    {"1p": "a", "2p": ""},
    {"1p": "n", "2p": "v"},
    {"1p": "n", "2p": ""},
    {"1p": "a", "2p": ""},
    {"1p": "a", "2p": ""},
    {"1p": "a", "2p": ""},
    {"1p": "v", "2p": ""},
    {"1p": "n", "2p": ""}
]
批次 283 (行 2941-2950) 返回结果数 9 与输入数 10 不符，返回内容: [
    {"1p": "n", "2p": ""},
    {"1p": "n", "2p": "v"},
    {"1p": "n", "2p": "n"},
    {"1p": "n", "2p": "n"},
    {"1p": "a", "2p": "n"},
    {"1p": "n", "2p": ""},
    {"1p": "v", "2p": ""},
    {"1p": "n", "2p": "n"},
    {"1p": "n", "2p": "n"}
]
批次 324 (行 3351-3360) 返回结果数 9 与输入数 10 不符，返回内容: [
    {"1p": "a", "2p": "n"},
    {"1p": "n", "2p": ""},
    {"1p": "n", "2p": "v"},
    {"1p": "n", "2p": ""},
    {"1p": "n", "2p": ""},
    {"1p": "n", "2p": ""},
    {"1p": "n", "2p": ""},
    {"1p": "a", "2p": ""},
    {"1p": "v", "2p": ""}
]
批次 336 (行 3471-3480) 返回结果数 9 与输入数 10 不符，返回内容: [
    {"1p": "v", "2p": ""},
    {"1p": "v", "2p": ""},
    {"1p": "n", "2p": ""},
    {"1p": "n", "2p": ""},
    {"1p": "n", "2p": "v"},
    {"1p": "n", "2p": "n"},
    {"1p": "a", "2p": "n"},
    {"1p": "n", "2p": ""},
    {"1p": "v", "2p": "n"}
]
批次 359 (行 3701-3710) 返回结果数 9 与输入数 10 不符，返回内容: [
    {"1p": "n", "2p": "n"},
    {"1p": "d", "2p": "v"},
    {"1p": "a", "2p": ""},
    {"1p": "n", "2p": ""},
    {"1p": "n", "2p": ""},
    {"1p": "n", "2p": ""},
    {"1p": "n", "2p": "n"},
    {"1p": "n", "2p": ""},
    {"1p": "d", "2p": "n"}
]
批次 365 (行 3761-3770) 返回结果数 9 与输入数 10 不符，返回内容: [
    {"1p": "n", "2p": "v"},
    {"1p": "n", "2p": ""},
    {"1p": "v", "2p": ""},
    {"1p": "v", "2p": ""},
    {"1p": "n", "2p": "n"},
    {"1p": "a", "2p": "a"},
    {"1p": "n", "2p": "v"},
    {"1p": "n", "2p": "n"},
    {"1p": "n", "2p": "n"}
]
批次 539 (行 5501-5510) 返回结果数 9 与输入数 10 不符，返回内容: [
    {"1p": "v", "2p": ""},
    {"1p": "v", "2p": ""},
    {"1p": "n", "2p": ""},
    {"1p": "v", "2p": ""},
    {"1p": "n", "2p": "n"},
    {"1p": "n", "2p": ""},
    {"1p": "n", "2p": ""},
    {"1p": "v", "2p": ""},
    {"1p": "n", "2p": ""}
]
批次 545 (行 5561-5570) 返回结果数 9 与输入数 10 不符，返回内容: [{"1p": "n", "2p": "n"}, {"1p": "n", "2p": ""}, {"1p": "n", "2p": ""}, {"1p": "n", "2p": "n"}, {"1p": "n", "2p": ""}, {"1p": "n", "2p": ""}, {"1p": "n", "2p": ""}, {"1p": "n", "2p": ""}, {"1p": "n", "2p": "n"}]
批次 548 (行 5591-5600) 返回结果数 9 与输入数 10 不符，返回内容: [
    {"1p": "v", "2p": ""},
    {"1p": "v", "2p": ""},
    {"1p": "a", "2p": "n"},
    {"1p": "n", "2p": ""},
    {"1p": "v", "2p": "n"},
    {"1p": "a", "2p": ""},
    {"1p": "a", "2p": ""},
    {"1p": "v", "2p": "n"},
    {"1p": "n", "2p": ""}
]
批次 573 (行 5841-5850) 返回结果数 9 与输入数 10 不符，返回内容: [
    {"1p": "a", "2p": "n"},
    {"1p": "v", "2p": ""},
    {"1p": "n", "2p": ""},
    {"1p": "n", "2p": ""},
    {"1p": "n", "2p": ""},
    {"1p": "a", "2p": ""},
    {"1p": "n", "2p": "n"},
    {"1p": "v", "2p": ""},
    {"1p": "n", "2p": ""}
]
批次 589 (行 6001-6010) 返回结果数 9 与输入数 10 不符，返回内容: [
    {"1p": "d", "2p": "a"},
    {"1p": "n", "2p": ""},
    {"1p": "a", "2p": "n"},
    {"1p": "a", "2p": "n"},
    {"1p": "n", "2p": "n"},
    {"1p": "n", "2p": "n"},
    {"1p": "a", "2p": "v"},
    {"1p": "n", "2p": "n"},
    {"1p": "n", "2p": "v"}
]
批次 745 (行 7561-7570) 返回结果数 9 与输入数 10 不符，返回内容: [
    {"1p": "v", "2p": "n"},
    {"1p": "n", "2p": ""},
    {"1p": "n", "2p": "n"},
    {"1p": "n", "2p": ""},
    {"1p": "n", "2p": ""},
    {"1p": "n", "2p": ""},
    {"1p": "v", "2p": "n"},
    {"1p": "v", "2p": "n"},
    {"1p": "v", "2p": "n"}
]
批次 762 (行 7731-7740) 返回结果数 9 与输入数 10 不符，返回内容: [
    {"1p": "a", "2p": "n"},
    {"1p": "a", "2p": "n"},
    {"1p": "v", "2p": ""},
    {"1p": "a", "2p": ""},
    {"1p": "a", "2p": "n"},
    {"1p": "a", "2p": "n"},
    {"1p": "n", "2p": "n"},
    {"1p": "v", "2p": "n"},
    {"1p": "v", "2p": "n"}
]
批次 779 (行 7901-7910) 返回结果数 9 与输入数 10 不符，返回内容: [
    {"1p": "n", "2p": "v"},
    {"1p": "v", "2p": ""},
    {"1p": "n", "2p": ""},
    {"1p": "n", "2p": "v"},
    {"1p": "v", "2p": ""},
    {"1p": "a", "2p": ""},
    {"1p": "v", "2p": ""},
    {"1p": "n", "2p": ""},
    {"1p": "v", "2p": ""}
]
批次 810 (行 8211-8220) 返回结果数 9 与输入数 10 不符，返回内容: [
    {"1p": "v", "2p": ""},
    {"1p": "v", "2p": ""},
    {"1p": "v", "2p": ""},
    {"1p": "v", "2p": ""},
    {"1p": "a", "2p": "n"},
    {"1p": "v", "2p": ""},
    {"1p": "n", "2p": "n"},
    {"1p": "v", "2p": ""},
    {"1p": "n", "2p": ""}
]
批次 813 (行 8241-8250) 返回结果数 9 与输入数 10 不符，返回内容: [
    {"1p": "n", "2p": "d"},
    {"1p": "n", "2p": ""},
    {"1p": "v", "2p": "n"},
    {"1p": "v", "2p": ""},
    {"1p": "v", "2p": ""},
    {"1p": "v", "2p": ""},
    {"1p": "a", "2p": ""},
    {"1p": "a", "2p": "n"},
    {"1p": "v", "2p": "n"}
]
批次 822 (行 8331-8340) 返回结果数 9 与输入数 10 不符，返回内容: [
    {"1p": "n", "2p": ""},
    {"1p": "n", "2p": ""},
    {"1p": "n", "2p": "v"},
    {"1p": "n", "2p": "a"},
    {"1p": "v", "2p": "n"},
    {"1p": "n", "2p": ""},
    {"1p": "n", "2p": "v"},
    {"1p": "n", "2p": "v"},
    {"1p": "n", "2p": "n"}
]
批次 826 (行 8371-8380) 返回结果数 9 与输入数 10 不符，返回内容: [
    {"1p": "n", "2p": ""},
    {"1p": "n", "2p": ""},
    {"1p": "n", "2p": ""},
    {"1p": "a", "2p": "v"},
    {"1p": "n", "2p": ""},
    {"1p": "n", "2p": "v"},
    {"1p": "n", "2p": ""},
    {"1p": "a", "2p": "n"},
    {"1p": "a", "2p": "n"}
]
批次 884 (行 8951-8960) 返回结果数 9 与输入数 10 不符，返回内容: [
    {"1p": "a", "2p": ""},
    {"1p": "v", "2p": ""},
    {"1p": "n", "2p": "v"},
    {"1p": "v", "2p": ""},
    {"1p": "v", "2p": ""},
    {"1p": "v", "2p": ""},
    {"1p": "n", "2p": ""},
    {"1p": "n", "2p": "a"},
    {"1p": "n", "2p": ""}
]
批次 916 (行 9271-9280) 返回结果数 9 与输入数 10 不符，返回内容: [
    {"1p": "n", "2p": ""},
    {"1p": "n", "2p": ""},
    {"1p": "v", "2p": "n"},
    {"1p": "n", "2p": ""},
    {"1p": "n", "2p": ""},
    {"1p": "n", "2p": ""},
    {"1p": "n", "2p": ""},
    {"1p": "n", "2p": ""},
    {"1p": "n", "2p": ""}
]
批次 948 (行 9591-9600) 返回结果数 9 与输入数 10 不符，返回内容: [
    {"1p": "v", "2p": "n"},
    {"1p": "n", "2p": ""},
    {"1p": "n", "2p": ""},
    {"1p": "n", "2p": ""},
    {"1p": "n", "2p": "n"},
    {"1p": "a", "2p": "n"},
    {"1p": "n", "2p": "v"},
    {"1p": "n", "2p": ""},
    {"1p": "n", "2p": "v"}
]
批次 987 (行 9981-9990) 返回结果数 9 与输入数 10 不符，返回内容: [
    {"1p": "n", "2p": ""},
    {"1p": "n", "2p": ""},
    {"1p": "v", "2p": "n"},
    {"1p": "n", "2p": ""},
    {"1p": "n", "2p": ""},
    {"1p": "n", "2p": ""},
    {"1p": "v", "2p": ""},
    {"1p": "a", "2p": "n"},
    {"1p": "n", "2p": "n"}
]
批次 999 (行 10101-10110) 返回结果数 9 与输入数 10 不符，返回内容: [
    {"1p": "n", "2p": ""},
    {"1p": "n", "2p": ""},
    {"1p": "a", "2p": "n"},
    {"1p": "v", "2p": ""},
    {"1p": "n", "2p": "n"},
    {"1p": "n", "2p": ""},
    {"1p": "v", "2p": ""},
    {"1p": "n", "2p": "n"},
    {"1p": "n", "2p": ""}
]
批次 1034 (行 10451-10460) 返回结果数 9 与输入数 10 不符，返回内容: [
    {"1p": "n", "2p": ""},
    {"1p": "n", "2p": ""},
    {"1p": "n", "2p": ""},
    {"1p": "v", "2p": "n"},
    {"1p": "v", "2p": "n"},
    {"1p": "n", "2p": ""},
    {"1p": "n", "2p": ""},
    {"1p": "n", "2p": ""},
    {"1p": "v", "2p": "n"}
]
批次 1086 (行 10971-10980) JSON解析失败，返回内容: [
    {"1p": "a", "2p": "n"},
    {"1p": "n", "2p": "n"},
    {"1p": "a", "2p": "n"},
    {"1p": "a", "2p": "n"},
    {"1p": "n", "2p": ""},
    {"1p": "n", " "2p"": ""},
    {"1p": "n", "2p": "n"},
    {"1p": "v", "2p": "n"},
    {"1p": "a", "2p": "n"},
    {"1p": "v", "2p": "n"}
]
批次 1124 (行 11351-11360) 返回结果数 9 与输入数 10 不符，返回内容: [
    {"1p": "a", "2p": "a"},
    {"1p": "a", "2p": "v"},
    {"1p": "v", "2p": ""},
    {"1p": "v", "2p": "v"},
    {"1p": "v", "2p": ""},
    {"1p": "n", "2p": ""},
    {"1p": "n", "2p": "n"},
    {"1p": "a", "2p": "v"},
    {"1p": "a", "2p": "v"}
]
批次 1204 (行 12151-12160) 返回结果数 9 与输入数 10 不符，返回内容: [
    {"1p": "n", "2p": "n"},
    {"1p": "n", "2p": "n"},
    {"1p": "n", "2p": ""},
    {"1p": "n", "2p": "n"},
    {"1p": "n", "2p": "n"},
    {"1p": "a", "2p": "n"},
    {"1p": "n", "2p": ""},
    {"1p": "n", "2p": "n"},
    {"1p": "n", "2p": "n"}
]
批次 1223 (行 12341-12350) 返回结果数 9 与输入数 10 不符，返回内容: [{"1p": "n", "2p": ""}, {"1p": "a", "2p": ""}, {"1p": "v", "2p": "n"}, {"1p": "v", "2p": ""}, {"1p": "a", "2p": ""}, {"1p": "v", "2p": ""}, {"1p": "a", "2p": ""}, {"1p": "a", "2p": ""}, {"1p": "a", "2p": "n"}]
批次 1239 (行 12501-12510) 返回结果数 9 与输入数 10 不符，返回内容: [
    {"1p": "n", "2p": ""},
    {"1p": "n", "2p": "a"},
    {"1p": "n", "2p": "n"},
    {"1p": "v", "2p": ""},
    {"1p": "n", "2p": "n"},
    {"1p": "n", "2p": ""},
    {"1p": "v", "2p": ""},
    {"1p": "a", "2p": "v"},
    {"1p": "a", "2p": "n"}
]
批次 1342 (行 13531-13540) 返回结果数 9 与输入数 10 不符，返回内容: [{"1p": "a", "2p": "v"}, {"1p": "n", "2p": ""}, {"1p": "a", "2p": "v"}, {"1p": "n", "2p": ""}, {"1p": "v", "2p": ""}, {"1p": "v", "2p": ""}, {"1p": "v", "2p": ""}, {"1p": "v", "2p": ""}, {"1p": "a", "2p": "n"}]
批次 1422 (行 14331-14340) 返回结果数 9 与输入数 10 不符，返回内容: [{"1p": "n", "2p": "v"}, {"1p": "n", "2p": ""}, {"1p": "n", "2p": ""}, {"1p": "v", "2p": ""}, {"1p": "n", "2p": ""}, {"1p": "v", "2p": ""}, {"1p": "n", "2p": ""}, {"1p": "v", "2p": ""}, {"1p": "a", "2p": "v"}]
批次 1430 (行 14411-14420) 返回结果数 9 与输入数 10 不符，返回内容: [
    {"1p": "v", "2p": "n"},
    {"1p": "a", "2p": "n"},
    {"1p": "v", "2p": "n"},
    {"1p": "v", "2p": ""},
    {"1p": "v", "2p": "n"},
    {"1p": "v", "2p": ""},
    {"1p": "v", "2p": ""},
    {"1p": "v", "2p": "n"},
    {"1p": "n", "2p": "n"}
]
批次 1479 (行 14901-14910) 返回结果数 9 与输入数 10 不符，返回内容: [{"1p": "a", "2p": "v"}, {"1p": "v", "2p": ""}, {"1p": "v", "2p": ""}, {"1p": "n", "2p": ""}, {"1p": "n", "2p": ""}, {"1p": "v", "2p": ""}, {"1p": "n", "2p": ""}, {"1p": "v", "2p": ""}, {"1p": "v", "2p": ""}]
批次 1483 (行 14941-14950) 返回结果数 9 与输入数 10 不符，返回内容: [
    {"1p": "n", "2p": ""},
    {"1p": "n", "2p": ""},
    {"1p": "v", "2p": "n"},
    {"1p": "n", "2p": ""},
    {"1p": "a", "2p": "n"},
    {"1p": "n", "2p": ""},
    {"1p": "n", "2p": ""},
    {"1p": "n", "2p": "n"},
    {"1p": "n", "2p": "n"}
]
批次 1502 (行 15131-15140) 返回结果数 9 与输入数 10 不符，返回内容: [{"1p": "n", "2p": ""}, {"1p": "n", "2p": ""}, {"1p": "a", "2p": "v"}, {"1p": "n", "2p": ""}, {"1p": "n", "2p": ""}, {"1p": "v", "2p": ""}, {"1p": "n", "2p": ""}, {"1p": "v", "2p": ""}, {"1p": "n", "2p": "a"}]
批次 1544 (行 15551-15560) 返回结果数 9 与输入数 10 不符，返回内容: [
    {"1p": "n", "2p": "v"},
    {"1p": "a", "2p": ""},
    {"1p": "a", "2p": ""},
    {"1p": "v", "2p": ""},
    {"1p": "n", "2p": "n"},
    {"1p": "v", "2p": "n"},
    {"1p": "a", "2p": "n"},
    {"1p": "n", "2p": ""},
    {"1p": "v", "2p": "n"}
]
批次 1551 (行 15621-15630) 返回结果数 9 与输入数 10 不符，返回内容: [
    {"1p": "n", "2p": "n"},
    {"1p": "n", "2p": ""},
    {"1p": "n", "2p": "n"},
    {"1p": "n", "2p": ""},
    {"1p": "n", "2p": ""},
    {"1p": "n", "2p": ""},
    {"1p": "n", "2p": "n"},
    {"1p": "n", "2p": "n"},
    {"1p": "n", "2p": "n"}
]
批次 1552 (行 15631-15640) 返回结果数 9 与输入数 10 不符，返回内容: [
    {"1p": "v", "2p": ""},
    {"1p": "v", "2p": ""},
    {"1p": "v", "2p": "n"},
    {"1p": "n", "2p": "v"},
    {"1p": "n", "2p": "v"},
    {"1p": "v", "2p": "n"},
    {"1p": "v", "2p": "n"},
    {"1p": "v", "2p": "v"},
    {"1p": "n", "2p": "n"}
]
批次 1600 (行 16111-16120) 返回结果数 9 与输入数 10 不符，返回内容: [
    {"1p": "n", "2p": ""},
    {"1p": "a", "2p": "v"},
    {"1p": "v", "2p": ""},
    {"1p": "n", "2p": "n"},
    {"1p": "n", "2p": "n"},
    {"1p": "v", "2p": ""},
    {"1p": "n", "2p": ""},
    {"1p": "v", "2p": "n"},
    {"1p": "v", "2p": "v"}
]
批次 1610 (行 16211-16220) 返回结果数 9 与输入数 10 不符，返回内容: [
    {"1p": "n", "2p": "v"},
    {"1p": "v", "2p": ""},
    {"1p": "a", "2p": "n"},
    {"1p": "n", "2p": ""},
    {"1p": "v", "2p": ""},
    {"1p": "n", "2p": ""},
    {"1p": "n", "2p": ""},
    {"1p": "n", "2p": ""},
    {"1p": "n", "2p": "n"}
]
批次 1617 (行 16281-16290) 返回结果数 9 与输入数 10 不符，返回内容: [
    {"1p": "n", "2p": "a"},
    {"1p": "n", "2p": "n"},
    {"1p": "a", "2p": ""},
    {"1p": "a", "2p": ""},
    {"1p": "v", "2p": ""},
    {"1p": "n", "2p": ""},
    {"1p": "v", "2p": ""},
    {"1p": "n", "2p": "n"},
    {"1p": "v", "2p": "n"}
]
批次 1644 (行 16551-16560) 返回结果数 9 与输入数 10 不符，返回内容: [
    {"1p": "n", "2p": "n"},
    {"1p": "n", "2p": "n"},
    {"1p": "n", "2p": ""},
    {"1p": "n", "2p": ""},
    {"1p": "a", "2p": ""},
    {"1p": "v", "2p": ""},
    {"1p": "n", "2p": ""},
    {"1p": "v", "2p": ""},
    {"1p": "a", "2p": ""}
]
批次 1648 (行 16591-16600) 返回结果数 9 与输入数 10 不符，返回内容: [
    {"1p": "n", "2p": ""},
    {"1p": "n", "2p": ""},
    {"1p": "n", "2p": ""},
    {"1p": "n", "2p": ""},
    {"1p": "v", "2p": ""},
    {"1p": "v", "2p": ""},
    {"1p": "n", "2p": "n"},
    {"1p": "a", "2p": "n"},
    {"1p": "n", "2p": "n"}
]
批次 1660 (行 16711-16720) 返回结果数 9 与输入数 10 不符，返回内容: [
    {"1p": "a", "2p": "v"},
    {"1p": "n", "2p": "n"},
    {"1p": "v", "2p": ""},
    {"1p": "v", "2p": ""},
    {"1p": "v", "2p": ""},
    {"1p": "v", "2p": ""},
    {"1p": "a", "2p": ""},
    {"1p": "a", "2p": "n"},
    {"1p": "v", "2p": "n"}
]
批次 1726 (行 17371-17380) 返回结果数 9 与输入数 10 不符，返回内容: [
    {"1p": "n", "2p": "v"},
    {"1p": "n", "2p": ""},
    {"1p": "v", "2p": ""},
    {"1p": "n", "2p": ""},
    {"1p": "v", "2p": ""},
    {"1p": "v", "2p": ""},
    {"1p": "n", "2p": "n"},
    {"1p": "v", "2p": ""},
    {"1p": "v", "2p": "n"}
]
批次 1765 (行 17761-17770) 返回结果数 9 与输入数 10 不符，返回内容: [
    {"1p": "a", "2p": "n"},
    {"1p": "n", "2p": ""},
    {"1p": "n", "2p": ""},
    {"1p": "v", "2p": ""},
    {"1p": "n", "2p": "n"},
    {"1p": "a", "2p": "n"},
    {"1p": "n", "2p": ""},
    {"1p": "n", "2p": "n"},
    {"1p": "n", "2p": ""}
]
批次 1772 (行 17831-17840) 返回结果数 9 与输入数 10 不符，返回内容: [
    {"1p": "n", "2p": ""},
    {"1p": "n", "2p": "n"},
    {"1p": "v", "2p": ""},
    {"1p": "n", "2p": ""},
    {"1p": "v", "2p": ""},
    {"1p": "v", "2p": ""},
    {"1p": "v", "2p": "n"},
    {"1p": "n", "2p": "n"},
    {"1p": "n", "2p": "n"}
]
批次 1775 (行 17861-17870) 返回结果数 9 与输入数 10 不符，返回内容: [
    {"1p": "n", "2p": ""},
    {"1p": "n", "2p": ""},
    {"1p": "v", "2p": ""},
    {"1p": "v", "2p": ""},
    {"1p": "n", "2p": ""},
    {"1p": "n", "2p": ""},
    {"1p": "n", "2p": "n"},
    {"1p": "a", "2p": "n"},
    {"1p": "n", "2p": ""}
]
批次 1780 (行 17911-17920) 返回结果数 9 与输入数 10 不符，返回内容: [
    {"1p": "n", "2p": ""},
    {"1p": "a", "2p": "n"},
    {"1p": "v", "2p": ""},
    {"1p": "v", "2p": ""},
    {"1p": "n", "2p": ""},
    {"1p": "v", "2p": ""},
    {"1p": "v", "2p": "n"},
    {"1p": "v", "2p": ""},
    {"1p": "n", "2p": ""}
]
批次 1796 (行 18071-18080) 返回结果数 9 与输入数 10 不符，返回内容: [
    {"1p": "a", "2p": ""},
    {"1p": "n", "2p": ""},
    {"1p": "d", "2p": "v"},
    {"1p": "n", "2p": "n"},
    {"1p": "a", "2p": "v"},
    {"1p": "a", "2p": "v"},
    {"1p": "a", "2p": "n"},
    {"1p": "n", "2p": "n"},
    {"1p": "n", "2p": ""}
]
批次 1815 (行 18261-18270) 返回结果数 9 与输入数 10 不符，返回内容: [
    {"1p": "n", "2p": "v"},
    {"1p": "n", "2p": "n"},
    {"1p": "n", "2p": ""},
    {"1p": "n", "2p": ""},
    {"1p": "n", "2p": "n"},
    {"1p": "n", "2p": "n"},
    {"1p": "n", "2p": "n"},
    {"1p": "n", "2p": ""},
    {"1p": "a", "2p": "n"}
]
批次 1897 (行 19081-19090) 返回结果数 9 与输入数 10 不符，返回内容: [
    {"1p": "v", "2p": ""},
    {"1p": "a", "2p": ""},
    {"1p": "a", "2p": "a"},
    {"1p": "a", "2p": ""},
    {"1p": "n", "2p": "n"},
    {"1p": "v", "2p": ""},
    {"1p": "a", "2p": ""},
    {"1p": "a", "2p": "n"},
    {"1p": "a", "2p": "n"}
]
批次 1900 (行 19111-19120) 返回结果数 9 与输入数 10 不符，返回内容: [{"1p": "n", "2p": ""}, {"1p": "a", "2p": ""}, {"1p": "n", "2p": ""}, {"1p": "a", "2p": "n"}, {"1p": "n", "2p": ""}, {"1p": "a", "2p": ""}, {"1p": "v", "2p": ""}, {"1p": "n", "2p": "n"}, {"1p": "a", "2p": "n"}]
批次 1909 (行 19201-19210) 返回结果数 9 与输入数 10 不符，返回内容: [
    {"1p": "v", "2p": ""},
    {"1p": "a", "2p": ""},
    {"1p": "v", "2p": "n"},
    {"1p": "n", "2p": ""},
    {"1p": "a", "2p": ""},
    {"1p": "v", "2p": ""},
    {"1p": "n", "2p": "n"},
    {"1p": "n", "2p": "n"},
    {"1p": "v", "2p": ""}
]
批次 1936 (行 19471-19480) 返回结果数 9 与输入数 10 不符，返回内容: [{"1p": "n", "2p": "n"}, {"1p": "v", "2p": ""}, {"1p": "a", "2p": "v"}, {"1p": "n", "2p": ""}, {"1p": "n", "2p": ""}, {"1p": "n", "2p": ""}, {"1p": "n", "2p": ""}, {"1p": "n", "2p": ""}, {"1p": "v", "2p": "n"}]
批次 1998 (行 20091-20100) 返回结果数 9 与输入数 10 不符，返回内容: [
    {"1p": "n", "2p": "n"},
    {"1p": "n", "2p": "v"},
    {"1p": "n", "2p": ""},
    {"1p": "n", "2p": ""},
    {"1p": "n", "2p": ""},
    {"1p": "n", "2p": ""},
    {"1p": "n", "2p": ""},
    {"1p": "v", "2p": ""},
    {"1p": "n", "2p": ""}
]
批次 2013 (行 20241-20250) 返回结果数 9 与输入数 10 不符，返回内容: [{"1p": "n", "2p": ""}, {"1p": "n", "2p": ""}, {"1p": "n", "2p": ""}, {"1p": "n", "2p": ""}, {"1p": "n", "2p": ""}, {"1p": "n", "2p": ""}, {"1p": "n", "2p": "n"}, {"1p": "n", "2p": "n"}, {"1p": "n", "2p": ""}]
批次 2041 (行 20521-20530) 返回结果数 9 与输入数 10 不符，返回内容: [
    {"1p": "a", "2p": ""},
    {"1p": "v", "2p": ""},
    {"1p": "n", "2p": "n"},
    {"1p": "v", "2p": "n"},
    {"1p": "n", "2p": ""},
    {"1p": "n", "2p": ""},
    {"1p": "n", "2p": "n"},
    {"1p": "n", "2p": "n"},
    {"1p": "n", "2p": ""}
]
批次 2066 (行 20771-20780) 返回结果数 9 与输入数 10 不符，返回内容: [
    {"1p": "v", "2p": ""},
    {"1p": "v", "2p": ""},
    {"1p": "n", "2p": ""},
    {"1p": "v", "2p": ""},
    {"1p": "n", "2p": ""},
    {"1p": "n", "2p": ""},
    {"1p": "a", "2p": "n"},
    {"1p": "n", "2p": ""},
    {"1p": "n", "2p": "n"}
]
批次 2102 (行 21131-21140) 返回结果数 9 与输入数 10 不符，返回内容: [
    {"1p": "n", "2p": "v"},
    {"1p": "n", "2p": ""},
    {"1p": "v", "2p": "n"},
    {"1p": "n", "2p": ""},
    {"1p": "v", "2p": ""},
    {"1p": "n", "2p": ""},
    {"1p": "a", "2p": "n"},
    {"1p": "n", "2p": "v"},
    {"1p": "v", "2p": "n"}
]
批次 2110 (行 21211-21220) 返回结果数 9 与输入数 10 不符，返回内容: [
    {"1p": "n", "2p": "n"},
    {"1p": "a", "2p": ""},
    {"1p": "a", "2p": ""},
    {"1p": "n", "2p": ""},
    {"1p": "n", "2p": ""},
    {"1p": "v", "2p": ""},
    {"1p": "n", "2p": "n"},
    {"1p": "a", "2p": "n"},
    {"1p": "n", "2p": "n"}
]
批次 2125 (行 21361-21370) 返回结果数 9 与输入数 10 不符，返回内容: [{"1p": "n", "2p": ""}, {"1p": "v", "2p": ""}, {"1p": "v", "2p": "n"}, {"1p": "n", "2p": ""}, {"1p": "n", "2p": ""}, {"1p": "v", "2p": ""}, {"1p": "n", "2p": ""}, {"1p": "n", "2p": "v"}, {"1p": "n", "2p": "n"}]
批次 2193 (行 22041-22050) 返回结果数 9 与输入数 10 不符，返回内容: [
    {"1p": "n", "2p": "v"},
    {"1p": "a", "2p": "n"},
    {"1p": "n", "2p": "a"},
    {"1p": "n", "2p": ""},
    {"1p": "v", "2p": "n"},
    {"1p": "n", "2p": ""},
    {"1p": "n", "2p": ""},
    {"1p": "n", "2p": "a"},
    {"1p": "v", "2p": "n"}
]
批次 2212 (行 22231-22240) 返回结果数 9 与输入数 10 不符，返回内容: [
    {"1p": "v", "2p": ""},
    {"1p": "v", "2p": ""},
    {"1p": "v", "2p": "n"},
    {"1p": "n", "2p": ""},
    {"1p": "n", "2p": ""},
    {"1p": "v", "2p": ""},
    {"1p": "v", "2p": "n"},
    {"1p": "n", "2p": "v"},
    {"1p": "n", "2p": ""}
]
批次 2239 (行 22501-22510) 返回结果数 9 与输入数 10 不符，返回内容: [
    {"1p": "a", "2p": "n"},
    {"1p": "a", "2p": "v"},
    {"1p": "n", "2p": ""},
    {"1p": "a", "2p": ""},
    {"1p": "a", "2p": "n"},
    {"1p": "a", "2p": "n"},
    {"1p": "n", "2p": "a"},
    {"1p": "v", "2p": ""},
    {"1p": "n", "2p": "a"}
]
批次 2240 (行 22511-22520) 返回结果数 9 与输入数 10 不符，返回内容: [
    {"1p": "a", "2p": "n"},
    {"1p": "v", "2p": "n"},
    {"1p": "v", "2p": "n"},
    {"1p": "n", "2p": "n"},
    {"1p": "n", "2p": ""},
    {"1p": "n", "2p": ""},
    {"1p": "n", "2p": ""},
    {"1p": "v", "2p": "n"},
    {"1p": "n", "2p": "n"}
]
批次 2246 (行 22571-22580) 返回结果数 9 与输入数 10 不符，返回内容: [
    {"1p": "a", "2p": "v"},
    {"1p": "n", "2p": ""},
    {"1p": "a", "2p": ""},
    {"1p": "n", "2p": ""},
    {"1p": "n", "2p": "a"},
    {"1p": "n", "2p": ""},
    {"1p": "n", "2p": ""},
    {"1p": "n", "2p": "a"},
    {"1p": "n", "2p": "n"}
]
批次 2332 (行 23431-23440) 返回结果数 9 与输入数 10 不符，返回内容: [
    {"1p": "n", "2p": "n"},
    {"1p": "n", "2p": ""},
    {"1p": "n", "2p": ""},
    {"1p": "v", "2p": "n"},
    {"1p": "v", "2p": "n"},
    {"1p": "v", "2p": "n"},
    {"1p": "a", "2p": "n"},
    {"1p": "v", "2p": "n"},
    {"1p": "v", "2p": "n"}
]
批次 2373 (行 23841-23850) 返回结果数 9 与输入数 10 不符，返回内容: [
    {"1p": "v", "2p": "a"},
    {"1p": "n", "2p": ""},
    {"1p": "n", "2p": ""},
    {"1p": "n", "2p": "n"},
    {"1p": "n", "2p": ""},
    {"1p": "n", "2p": "n"},
    {"1p": "v", "2p": ""},
    {"1p": "n", "2p": "n"},
    {"1p": "n", "2p": "n"}
]
批次 2374 (行 23851-23860) 返回结果数 9 与输入数 10 不符，返回内容: [
    {"1p": "n", "2p": "n"},
    {"1p": "n", "2p": "v"},
    {"1p": "n", "2p": ""},
    {"1p": "a", "2p": "n"},
    {"1p": "n", "2p": "v"},
    {"1p": "n", "2p": ""},
    {"1p": "n", "2p": ""},
    {"1p": "n", "2p": "n"},
    {"1p": "n", "2p": ""}
]
批次 2392 (行 24031-24040) 返回结果数 9 与输入数 10 不符，返回内容: [{"1p": "n", "2p": "n"}, {"1p": "a", "2p": ""}, {"1p": "v", "2p": "n"}, {"1p": "v", "2p": ""}, {"1p": "v", "2p": ""}, {"1p": "n", "2p": ""}, {"1p": "v", "2p": ""}, {"1p": "n", "2p": ""}, {"1p": "n", "2p": "n"}]
批次 2429 (行 24401-24410) 返回结果数 9 与输入数 10 不符，返回内容: [
    {"1p": "n", "2p": "v"},
    {"1p": "n", "2p": ""},
    {"1p": "a", "2p": "v"},
    {"1p": "n", "2p": ""},
    {"1p": "n", "2p": ""},
    {"1p": "n", "2p": ""},
    {"1p": "v", "2p": ""},
    {"1p": "n", "2p": ""},
    {"1p": "v", "2p": "n"}
]
批次 2478 (行 24891-24900) 返回结果数 9 与输入数 10 不符，返回内容: [
    {"1p": "v", "2p": "n"},
    {"1p": "n", "2p": ""},
    {"1p": "v", "2p": "n"},
    {"1p": "n", "2p": "n"},
    {"1p": "n", "2p": "n"},
    {"1p": "n", "2p": "n"},
    {"1p": "n", "2p": ""},
    {"1p": "n", "2p": "n"},
    {"1p": "v", "2p": "n"}
]
批次 2506 (行 25171-25180) 返回结果数 9 与输入数 10 不符，返回内容: [
    {"1p": "n", "2p": "v"},
    {"1p": "n", "2p": ""},
    {"1p": "n", "2p": ""},
    {"1p": "n", "2p": ""},
    {"1p": "n", "2p": "a"},
    {"1p": "n", "2p": ""},
    {"1p": "n", "2p": ""},
    {"1p": "n", "2p": "n"},
    {"1p": "v", "2p": "a"}
]
批次 2529 (行 25401-25410) 返回结果数 9 与输入数 10 不符，返回内容: [
    {"1p": "a", "2p": "v"},
    {"1p": "v", "2p": ""},
    {"1p": "n", "2p": ""},
    {"1p": "a", "2p": ""},
    {"1p": "a", "2p": "v"},
    {"1p": "a", "2p": "v"},
    {"1p": "v", "2p": "n"},
    {"1p": "a", "2p": "n"},
    {"1p": "a", "2p": "n"}
]
批次 2574 (行 25851-25860) 返回结果数 9 与输入数 10 不符，返回内容: [{"1p": "n", "2p": ""}, {"1p": "n", "2p": ""}, {"1p": "a", "2p": "n"}, {"1p": "n", "2p": ""}, {"1p": "a", "2p": "v"}, {"1p": "n", "2p": ""}, {"1p": "v", "2p": "n"}, {"1p": "n", "2p": ""}, {"1p": "a", "2p": "n"}]
批次 2584 (行 25951-25960) 返回结果数 9 与输入数 10 不符，返回内容: [
    {"1p": "n", "2p": "n"},
    {"1p": "a", "2p": "v"},
    {"1p": "n", "2p": ""},
    {"1p": "v", "2p": "n"},
    {"1p": "v", "2p": "n"},
    {"1p": "n", "2p": ""},
    {"1p": "a", "2p": ""},
    {"1p": "a", "2p": "n"},
    {"1p": "v", "2p": "n"}
]
批次 2633 (行 26441-26450) 返回结果数 9 与输入数 10 不符，返回内容: [
    {"1p": "n", "2p": "v"},
    {"1p": "n", "2p": ""},
    {"1p": "a", "2p": "a"},
    {"1p": "a", "2p": ""},
    {"1p": "n", "2p": ""},
    {"1p": "v", "2p": ""},
    {"1p": "v", "2p": ""},
    {"1p": "n", "2p": ""},
    {"1p": "a", "2p": "a"}
]
批次 2649 (行 26601-26610) 返回结果数 9 与输入数 10 不符，返回内容: [
    {"1p": "d", "2p": "n"},
    {"1p": "n", "2p": ""},
    {"1p": "n", "2p": "n"},
    {"1p": "n", "2p": ""},
    {"1p": "n", "2p": ""},
    {"1p": "n", "2p": ""},
    {"1p": "v", "2p": "n"},
    {"1p": "n", "2p": ""},
    {"1p": "a", "2p": ""}
]
批次 2664 (行 26751-26760) 返回结果数 9 与输入数 10 不符，返回内容: [
    {"1p": "v", "2p": ""},
    {"1p": "n", "2p": ""},
    {"1p": "a", "2p": ""},
    {"1p": "a", "2p": ""},
    {"1p": "n", "2p": ""},
    {"1p": "n", "2p": ""},
    {"1p": "a", "2p": "n"},
    {"1p": "v", "2p": ""},
    {"1p": "n", "2p": "a"}
]
批次 2713 (行 27241-27250) 返回结果数 9 与输入数 10 不符，返回内容: [{"1p": "n", "2p": ""}, {"1p": "n", "2p": ""}, {"1p": "n", "2p": ""}, {"1p": "n", "2p": "n"}, {"1p": "v", "2p": "n"}, {"1p": "n", "2p": ""}, {"1p": "n", "2p": ""}, {"1p": "n", "2p": ""}, {"1p": "n", "2p": "n"}]
批次 2719 (行 27301-27310) 返回结果数 9 与输入数 10 不符，返回内容: [
    {"1p": "v", "2p": "n"},
    {"1p": "a", "2p": ""},
    {"1p": "n", "2p": ""},
    {"1p": "n", "2p": ""},
    {"1p": "v", "2p": "n"},
    {"1p": "v", "2p": ""},
    {"1p": "n", "2p": ""},
    {"1p": "v", "2p": ""},
    {"1p": "n", "2p": ""}
]
批次 2727 (行 27381-27390) 返回结果数 9 与输入数 10 不符，返回内容: [
    {"1p": "a", "2p": "n"},
    {"1p": "a", "2p": "v"},
    {"1p": "v", "2p": ""},
    {"1p": "n", "2p": "n"},
    {"1p": "n", "2p": ""},
    {"1p": "n", "2p": "n"},
    {"1p": "v", "2p": "n"},
    {"1p": "n", "2p": "n"},
    {"1p": "n", "2p": "n"}
]
批次 2763 (行 27741-27750) 返回结果数 9 与输入数 10 不符，返回内容: [
    {"1p": "n", "2p": ""},
    {"1p": "n", "2p": "n"},
    {"1p": "n", "2p": "n"},
    {"1p": "n", "2p": ""},
    {"1p": "n", "2p": "n"},
    {"1p": "n", "2p": ""},
    {"1p": "n", "2p": ""},
    {"1p": "n", "2p": "n"},
    {"1p": "n", "2p": "n"}
]
批次 2779 (行 27901-27910) 返回结果数 9 与输入数 10 不符，返回内容: [
    {"1p": "v", "2p": "n"},
    {"1p": "n", "2p": ""},
    {"1p": "n", "2p": ""},
    {"1p": "n", "2p": ""},
    {"1p": "n", "2p": ""},
    {"1p": "v", "2p": ""},
    {"1p": "n", "2p": ""},
    {"1p": "v", "2p": ""},
    {"1p": "n", "2p": "n"}
]
批次 2786 (行 27971-27980) 返回结果数 9 与输入数 10 不符，返回内容: [
    {"1p": "n", "2p": "n"},
    {"1p": "n", "2p": "v"},
    {"1p": "n", "2p": "v"},
    {"1p": "n", "2p": "n"},
    {"1p": "v", "2p": ""},
    {"1p": "v", "2p": ""},
    {"1p": "v", "2p": ""},
    {"1p": "v", "2p": "n"},
    {"1p": "v", "2p": "n"}
]
批次 3121 (行 31321-31330) 返回结果数 9 与输入数 10 不符，返回内容: [
    {"1p": "v", "2p": "n"},
    {"1p": "n", "2p": "v"},
    {"1p": "v", "2p": ""},
    {"1p": "n", "2p": ""},
    {"1p": "a", "2p": ""},
    {"1p": "n", "2p": ""},
    {"1p": "a", "2p": ""},
    {"1p": "v", "2p": ""},
    {"1p": "v", "2p": ""}
]
批次 3158 (行 31691-31700) 返回结果数 9 与输入数 10 不符，返回内容: [
    {"1p": "n", "2p": ""},
    {"1p": "n", "2p": ""},
    {"1p": "n", "2p": ""},
    {"1p": "n", "2p": ""},
    {"1p": "n", "2p": ""},
    {"1p": "n", "2p": ""},
    {"1p": "n", "2p": ""},
    {"1p": "n", "2p": ""},
    {"1p": "n", "2p": ""}
]
批次 3159 (行 31701-31710) 返回结果数 9 与输入数 10 不符，返回内容: [
    {"1p": "n", "2p": ""},
    {"1p": "n", "2p": ""},
    {"1p": "a", "2p": "n"},
    {"1p": "n", "2p": ""},
    {"1p": "n", "2p": ""},
    {"1p": "n", "2p": ""},
    {"1p": "v", "2p": ""},
    {"1p": "n", "2p": ""},
    {"1p": "n", "2p": ""}
]
批次 3218 (行 32291-32300) 返回结果数 9 与输入数 10 不符，返回内容: [
    {"1p": "v", "2p": "v"},
    {"1p": "v", "2p": "v"},
    {"1p": "v", "2p": "a"},
    {"1p": "v", "2p": ""},
    {"1p": "v", "2p": "a"},
    {"1p": "v", "2p": "a"},
    {"1p": "v", "2p": "a"},
    {"1p": "v", "2p": "a"},
    {"1p": "v", "2p": "a"}
]
批次 3234 (行 32451-32460) 返回结果数 9 与输入数 10 不符，返回内容: [
    {"1p": "v", "2p": "n"},
    {"1p": "v", "2p": "n"},
    {"1p": "v", "2p": "n"},
    {"1p": "v", "2p": "n"},
    {"1p": "v", "2p": "n"},
    {"1p": "v", "2p": "n"},
    {"1p": "v", "2p": ""},
    {"1p": "v", "2p": "n"},
    {"1p": "v", "2p": "n"}
]
批次 3238 (行 32491-32500) 返回结果数 9 与输入数 10 不符，返回内容: [
    {"1p": "v", "2p": "n"},
    {"1p": "n", "2p": "n"},
    {"1p": "n", "2p": "n"},
    {"1p": "v", "2p": "n"},
    {"1p": "v", "2p": "n"},
    {"1p": "v", "2p": "n"},
    {"1p": "n", "2p": "n"},
    {"1p": "n", "2p": "n"},
    {"1p": "a", "2p": "n"}
]
批次 3244 (行 32551-32560) 返回结果数 9 与输入数 10 不符，返回内容: [
    {"1p": "n", "2p": "v"},
    {"1p": "a", "2p": "v"},
    {"1p": "n", "2p": ""},
    {"1p": "n", "2p": ""},
    {"1p": "n", "2p": ""},
    {"1p": "v", "2p": ""},
    {"1p": "a", "2p": "n"},
    {"1p": "n", "2p": "v"},
    {"1p": "n", "2p": "n"}
]
批次 3280 (行 32911-32920) 返回结果数 9 与输入数 10 不符，返回内容: [
    {"1p": "a", "2p": "n"},
    {"1p": "a", "2p": "n"},
    {"1p": "n", "2p": "n"},
    {"1p": "a", "2p": "n"},
    {"1p": "v", "2p": ""},
    {"1p": "a", "2p": ""},
    {"1p": "v", "2p": ""},
    {"1p": "a", "2p": "n"},
    {"1p": "v", "2p": "n"}
]
批次 3514 (行 35251-35260) 返回结果数 9 与输入数 10 不符，返回内容: [{"1p": "n", "2p": "n"}, {"1p": "n", "2p": ""}, {"1p": "n", "2p": ""}, {"1p": "n", "2p": ""}, {"1p": "n", "2p": ""}, {"1p": "n", "2p": ""}, {"1p": "n", "2p": ""}, {"1p": "n", "2p": ""}, {"1p": "v", "2p": "n"}]
批次 3528 (行 35391-35400) 返回结果数 9 与输入数 10 不符，返回内容: [
    {"1p": "v", "2p": ""},
    {"1p": "d", "2p": "v"},
    {"1p": "n", "2p": ""},
    {"1p": "n", "2p": ""},
    {"1p": "n", "2p": ""},
    {"1p": "n", "2p": ""},
    {"1p": "n", "2p": ""},
    {"1p": "v", "2p": "n"},
    {"1p": "n", "2p": "n"}
]
批次 3529 (行 35401-35410) 返回结果数 9 与输入数 10 不符，返回内容: [
    {"1p": "v", "2p": "n"},
    {"1p": "a", "2p": "n"},
    {"1p": "v", "2p": ""},
    {"1p": "n", "2p": ""},
    {"1p": "n", "2p": "n"},
    {"1p": "a", "2p": "n"},
    {"1p": "a", "2p": "n"},
    {"1p": "v", "2p": ""},
    {"1p": "a", "2p": "n"}
]
批次 3540 (行 35511-35520) 返回结果数 9 与输入数 10 不符，返回内容: [
    {"1p": "v", "2p": "n"},
    {"1p": "v", "2p": ""},
    {"1p": "v", "2p": "n"},
    {"1p": "v", "2p": ""},
    {"1p": "n", "2p": ""},
    {"1p": "v", "2p": ""},
    {"1p": "v", "2p": ""},
    {"1p": "v", "2p": ""},
    {"1p": "v", "2p": ""}
]
批次 3577 (行 35881-35890) 返回结果数 9 与输入数 10 不符，返回内容: [
    {"1p": "a", "2p": "n"},
    {"1p": "a", "2p": ""},
    {"1p": "n", "2p": ""},
    {"1p": "v", "2p": ""},
    {"1p": "v", "2p": "n"},
    {"1p": "a", "2p": ""},
    {"1p": "n", "2p": "n"},
    {"1p": "a", "2p": "n"},
    {"1p": "n", "2p": "n"}
]
批次 3619 (行 36301-36310) 返回结果数 9 与输入数 10 不符，返回内容: [
    {"1p": "v", "2p": ""},
    {"1p": "v", "2p": ""},
    {"1p": "a", "2p": ""},
    {"1p": "a", "2p": ""},
    {"1p": "v", "2p": "n"},
    {"1p": "n", "2p": ""},
    {"1p": "n", "2p": ""},
    {"1p": "v", "2p": ""},
    {"1p": "v", "2p": "n"}
]
批次 3631 (行 36421-36430) 返回结果数 9 与输入数 10 不符，返回内容: [
    {"1p": "a", "2p": ""},
    {"1p": "v", "2p": ""},
    {"1p": "n", "2p": ""},
    {"1p": "v", "2p": ""},
    {"1p": "n", "2p": "a"},
    {"1p": "v", "2p": ""},
    {"1p": "v", "2p": ""},
    {"1p": "v", "2p": ""},
    {"1p": "n", "2p": "n"}
]
批次 3637 (行 36481-36490) 返回结果数 9 与输入数 10 不符，返回内容: [
    {"1p": "n", "2p": "n"},
    {"1p": "v", "2p": ""},
    {"1p": "v", "2p": ""},
    {"1p": "n", "2p": ""},
    {"1p": "n", "2p": ""},
    {"1p": "n", "2p": ""},
    {"1p": "a", "2p": "n"},
    {"1p": "a", "2p": "n"},
    {"1p": "n", "2p": ""}
]
批次 3643 (行 36541-36550) 返回结果数 9 与输入数 10 不符，返回内容: [
    {"1p": "n", "2p": "v"},
    {"1p": "v", "2p": ""},
    {"1p": "n", "2p": "v"},
    {"1p": "n", "2p": ""},
    {"1p": "a", "2p": ""},
    {"1p": "v", "2p": ""},
    {"1p": "v", "2p": ""},
    {"1p": "n", "2p": ""},
    {"1p": "v", "2p": ""}
]
批次 3648 (行 36591-36600) 返回结果数 9 与输入数 10 不符，返回内容: [
    {"1p": "v", "2p": "n"},
    {"1p": "n", "2p": ""},
    {"1p": "v", "2p": ""},
    {"1p": "a", "2p": ""},
    {"1p": "n", "2p": ""},
    {"1p": "n", "2p": ""},
    {"1p": "n", "2p": "n"},
    {"1p": "a", "2p": "n"},
    {"1p": "n", "2p": "n"}
]
批次 3688 (行 36991-37000) 返回结果数 9 与输入数 10 不符，返回内容: [{"1p": "v", "2p": ""}, {"1p": "v", "2p": ""}, {"1p": "n", "2p": "n"}, {"1p": "v", "2p": ""}, {"1p": "v", "2p": ""}, {"1p": "v", "2p": ""}, {"1p": "v", "2p": ""}, {"1p": "n", "2p": "n"}, {"1p": "n", "2p": "n"}]
批次 3710 (行 37211-37220) 返回结果数 9 与输入数 10 不符，返回内容: [
    {"1p": "n", "2p": ""},
    {"1p": "n", "2p": "n"},
    {"1p": "v", "2p": "n"},
    {"1p": "n", "2p": ""},
    {"1p": "a", "2p": "n"},
    {"1p": "n", "2p": ""},
    {"1p": "n", "2p": ""},
    {"1p": "n", "2p": "v"},
    {"1p": "n", "2p": ""}
]
批次 3744 (行 37551-37560) 返回结果数 9 与输入数 10 不符，返回内容: [
    {"1p": "n", "2p": "v"},
    {"1p": "v", "2p": ""},
    {"1p": "v", "2p": ""},
    {"1p": "v", "2p": ""},
    {"1p": "v", "2p": "n"},
    {"1p": "v", "2p": ""},
    {"1p": "v", "2p": ""},
    {"1p": "n", "2p": "v"},
    {"1p": "v", "2p": "v"}
]
批次 3868 (行 38791-38800) 返回结果数 9 与输入数 10 不符，返回内容: [
    {"1p": "v", "2p": "a"},
    {"1p": "a", "2p": "n"},
    {"1p": "v", "2p": "n"},
    {"1p": "n", "2p": ""},
    {"1p": "v", "2p": "n"},
    {"1p": "v", "2p": ""},
    {"1p": "a", "2p": "n"},
    {"1p": "v", "2p": "n"},
    {"1p": "v", "2p": "n"}
]
批次 3939 (行 39501-39510) 返回结果数 9 与输入数 10 不符，返回内容: [
    {"1p": "v", "2p": ""},
    {"1p": "n", "2p": ""},
    {"1p": "v", "2p": "n"},
    {"1p": "a", "2p": "n"},
    {"1p": "v", "2p": "a"},
    {"1p": "n", "2p": ""},
    {"1p": "v", "2p": "n"},
    {"1p": "v", "2p": "n"},
    {"1p": "v", "2p": "n"}
]
批次 3949 (行 39601-39610) 返回结果数 9 与输入数 10 不符，返回内容: [
    {"1p": "v", "2p": ""},
    {"1p": "n", "2p": ""},
    {"1p": "v", "2p": "v"},
    {"1p": "n", "2p": ""},
    {"1p": "n", "2p": ""},
    {"1p": "n", "2p": ""},
    {"1p": "n", "2p": ""},
    {"1p": "n", "2p": "v"},
    {"1p": "v", "2p": "n"}
]
批次 3968 (行 39791-39800) 返回结果数 9 与输入数 10 不符，返回内容: [
    {"1p": "n", "2p": "v"},
    {"1p": "v", "2p": ""},
    {"1p": "n", "2p": ""},
    {"1p": "v", "2p": ""},
    {"1p": "n", "2p": "a"},
    {"1p": "v", "2p": ""},
    {"1p": "a", "2p": "n"},
    {"1p": "n", "2p": "n"},
    {"1p": "n", "2p": "n"}
]
批次 3979 (行 39901-39910) 返回结果数 9 与输入数 10 不符，返回内容: [
    {"1p": "n", "2p": ""},
    {"1p": "n", "2p": ""},
    {"1p": "n", "2p": "n"},
    {"1p": "n", "2p": ""},
    {"1p": "n", "2p": "n"},
    {"1p": "n", "2p": ""},
    {"1p": "n", "2p": ""},
    {"1p": "n", "2p": "n"},
    {"1p": "n", "2p": "n"}
]
批次 4102 (行 41131-41140) 返回结果数 9 与输入数 10 不符，返回内容: [{"1p": "n", "2p": "n"}, {"1p": "v", "2p": ""}, {"1p": "v", "2p": "n"}, {"1p": "n", "2p": ""}, {"1p": "n", "2p": ""}, {"1p": "n", "2p": ""}, {"1p": "n", "2p": ""}, {"1p": "n", "2p": ""}, {"1p": "n", "2p": "n"}]
批次 4115 (行 41261-41270) 返回结果数 9 与输入数 10 不符，返回内容: [
    {"1p": "v", "2p": "a"},
    {"1p": "v", "2p": ""},
    {"1p": "v", "2p": ""},
    {"1p": "a", "2p": "n"},
    {"1p": "v", "2p": ""},
    {"1p": "v", "2p": ""},
    {"1p": "v", "2p": ""},
    {"1p": "v", "2p": ""},
    {"1p": "v", "2p": ""}
]
批次 4119 (行 41301-41310) 返回结果数 9 与输入数 10 不符，返回内容: [
    {"1p": "n", "2p": ""},
    {"1p": "a", "2p": "v"},
    {"1p": "n", "2p": "v"},
    {"1p": "a", "2p": ""},
    {"1p": "n", "2p": "a"},
    {"1p": "n", "2p": ""},
    {"1p": "n", "2p": "a"},
    {"1p": "n", "2p": "v"},
    {"1p": "n", "2p": "a"}
]
批次 4127 (行 41381-41390) 返回结果数 9 与输入数 10 不符，返回内容: [
    {"1p": "n", "2p": ""},
    {"1p": "n", "2p": "v"},
    {"1p": "n", "2p": ""},
    {"1p": "n", "2p": ""},
    {"1p": "n", "2p": ""},
    {"1p": "n", "2p": ""},
    {"1p": "n", "2p": "n"},
    {"1p": "n", "2p": ""},
    {"1p": "n", "2p": ""}
]
批次 4166 (行 41771-41780) 返回结果数 9 与输入数 10 不符，返回内容: [
    {"1p": "n", "2p": "n"},
    {"1p": "n", "2p": ""},
    {"1p": "a", "2p": "n"},
    {"1p": "n", "2p": "n"},
    {"1p": "n", "2p": "n"},
    {"1p": "a", "2p": "n"},
    {"1p": "n", "2p": "n"},
    {"1p": "v", "2p": "n"},
    {"1p": "a", "2p": "v"}
]
批次 4204 (行 42151-42160) 返回结果数 9 与输入数 10 不符，返回内容: [
    {"1p": "a", "2p": "n"},
    {"1p": "v", "2p": "n"},
    {"1p": "n", "2p": "v"},
    {"1p": "n", "2p": ""},
    {"1p": "v", "2p": "n"},
    {"1p": "n", "2p": ""},
    {"1p": "a", "2p": "n"},
    {"1p": "n", "2p": "n"},
    {"1p": "v", "2p": "n"}
]
批次 4247 (行 42581-42590) 返回结果数 9 与输入数 10 不符，返回内容: [
    {"1p": "v", "2p": ""},
    {"1p": "v", "2p": ""},
    {"1p": "n", "2p": ""},
    {"1p": "v", "2p": ""},
    {"1p": "a", "2p": "n"},
    {"1p": "v", "2p": ""},
    {"1p": "v", "2p": ""},
    {"1p": "v", "2p": "n"},
    {"1p": "v", "2p": "n"}
]
批次 4262 (行 42731-42740) 返回结果数 9 与输入数 10 不符，返回内容: [
    {"1p": "n", "2p": ""},
    {"1p": "a", "2p": "v"},
    {"1p": "n", "2p": ""},
    {"1p": "n", "2p": ""},
    {"1p": "n", "2p": ""},
    {"1p": "v", "2p": ""},
    {"1p": "v", "2p": "n"},
    {"1p": "v", "2p": "n"},
    {"1p": "n", "2p": "n"}
]
批次 4275 (行 42861-42870) 返回结果数 9 与输入数 10 不符，返回内容: [
    {"1p": "n", "2p": ""},
    {"1p": "v", "2p": "n"},
    {"1p": "v", "2p": "n"},
    {"1p": "n", "2p": ""},
    {"1p": "a", "2p": "n"},
    {"1p": "n", "2p": ""},
    {"1p": "a", "2p": ""},
    {"1p": "n", "2p": "v"},
    {"1p": "v", "2p": "n"}
]
批次 4293 (行 43041-43050) 返回结果数 9 与输入数 10 不符，返回内容: [
    {"1p": "v", "2p": ""},
    {"1p": "n", "2p": ""},
    {"1p": "n", "2p": ""},
    {"1p": "n", "2p": "n"},
    {"1p": "a", "2p": "n"},
    {"1p": "v", "2p": ""},
    {"1p": "v", "2p": "n"},
    {"1p": "v", "2p": "n"},
    {"1p": "v", "2p": "n"}
]
批次 4369 (行 43801-43810) 返回结果数 9 与输入数 10 不符，返回内容: [
    {"1p": "v", "2p": "n"},
    {"1p": "n", "2p": ""},
    {"1p": "n", "2p": ""},
    {"1p": "n", "2p": ""},
    {"1p": "n", "2p": ""},
    {"1p": "n", "2p": ""},
    {"1p": "n", "2p": "n"},
    {"1p": "n", "2p": "n"},
    {"1p": "v", "2p": "n"}
]
批次 4388 (行 43991-44000) 返回结果数 9 与输入数 10 不符，返回内容: [
    {"1p": "n", "2p": "a"},
    {"1p": "n", "2p": ""},
    {"1p": "v", "2p": "n"},
    {"1p": "n", "2p": ""},
    {"1p": "a", "2p": "n"},
    {"1p": "n", "2p": "n"},
    {"1p": "n", "2p": ""},
    {"1p": "n", "2p": "n"},
    {"1p": "n", "2p": "n"}
]
批次 4392 (行 44031-44040) 返回结果数 9 与输入数 10 不符，返回内容: [{"1p": "a", "2p": ""}, {"1p": "a", "2p": ""}, {"1p": "v", "2p": "n"}, {"1p": "v", "2p": ""}, {"1p": "a", "2p": "n"}, {"1p": "v", "2p": "n"}, {"1p": "n", "2p": ""}, {"1p": "n", "2p": "n"}, {"1p": "a", "2p": "n"}]
批次 4443 (行 44541-44550) 返回结果数 9 与输入数 10 不符，返回内容: [
    {"1p": "v", "2p": "n"},
    {"1p": "v", "2p": "n"},
    {"1p": "v", "2p": "n"},
    {"1p": "v", "2p": "n"},
    {"1p": "v", "2p": "n"},
    {"1p": "v", "2p": "n"},
    {"1p": "v", "2p": "n"},
    {"1p": "v", "2p": "n"},
    {"1p": "v", "2p": "n"}
]
批次 4445 (行 44561-44570) 返回结果数 9 与输入数 10 不符，返回内容: [
    {"1p": "v", "2p": "n"},
    {"1p": "v", "2p": "n"},
    {"1p": "v", "2p": "n"},
    {"1p": "v", "2p": "n"},
    {"1p": "v", "2p": "n"},
    {"1p": "v", "2p": "n"},
    {"1p": "v", "2p": "n"},
    {"1p": "v", "2p": "n"},
    {"1p": "v", "2p": "n"}
]
批次 4475 (行 44861-44870) 返回结果数 9 与输入数 10 不符，返回内容: [
    {"1p": "n", "2p": ""},
    {"1p": "a", "2p": "v"},
    {"1p": "v", "2p": "n"},
    {"1p": "n", "2p": ""},
    {"1p": "v", "2p": "n"},
    {"1p": "n", "2p": ""},
    {"1p": "n", "2p": "n"},
    {"1p": "n", "2p": "n"},
    {"1p": "n", "2p": "n"}
]
批次 4529 (行 45401-45410) 返回结果数 9 与输入数 10 不符，返回内容: [
    {"1p": "n", "2p": "n"},
    {"1p": "n", "2p": "n"},
    {"1p": "n", "2p": "a"},
    {"1p": "n", "2p": "n"},
    {"1p": "n", "2p": "n"},
    {"1p": "n", "2p": "n"},
    {"1p": "n", "2p": "n"},
    {"1p": "n", "2p": "n"},
    {"1p": "n", "2p": "n"}
]
批次 4534 (行 45451-45460) 返回结果数 9 与输入数 10 不符，返回内容: [
    {"1p": "v", "2p": "n"},
    {"1p": "v", "2p": ""},
    {"1p": "v", "2p": ""},
    {"1p": "v", "2p": ""},
    {"1p": "n", "2p": ""},
    {"1p": "v", "2p": ""},
    {"1p": "v", "2p": "n"},
    {"1p": "v", "2p": "n"},
    {"1p": "v", "2p": "n"}
]
批次 4596 (行 46071-46080) 返回结果数 9 与输入数 10 不符，返回内容: [
    {"1p": "a", "2p": ""},
    {"1p": "a", "2p": "n"},
    {"1p": "v", "2p": "n"},
    {"1p": "n", "2p": ""},
    {"1p": "v", "2p": "n"},
    {"1p": "a", "2p": ""},
    {"1p": "a", "2p": ""},
    {"1p": "n", "2p": "n"},
    {"1p": "a", "2p": "n"}
]
批次 4600 (行 46111-46120) 返回结果数 9 与输入数 10 不符，返回内容: [{"1p": "v", "2p": "n"}, {"1p": "n", "2p": ""}, {"1p": "v", "2p": ""}, {"1p": "v", "2p": ""}, {"1p": "v", "2p": "n"}, {"1p": "n", "2p": "n"}, {"1p": "v", "2p": "n"}, {"1p": "v", "2p": ""}, {"1p": "n", "2p": "n"}]
批次 4609 (行 46201-46210) 返回结果数 9 与输入数 10 不符，返回内容: [
    {"1p": "v", "2p": ""},
    {"1p": "a", "2p": ""},
    {"1p": "n", "2p": ""},
    {"1p": "n", "2p": ""},
    {"1p": "v", "2p": "a"},
    {"1p": "n", "2p": ""},
    {"1p": "n", "2p": ""},
    {"1p": "v", "2p": "a"},
    {"1p": "a", "2p": "n"}
]
批次 4625 (行 46361-46370) 返回结果数 9 与输入数 10 不符，返回内容: [
    {"1p": "n", "2p": ""},
    {"1p": "n", "2p": ""},
    {"1p": "n", "2p": "v"},
    {"1p": "n", "2p": ""},
    {"1p": "a", "2p": "n"},
    {"1p": "v", "2p": ""},
    {"1p": "n", "2p": ""},
    {"1p": "v", "2p": ""},
    {"1p": "v", "2p": "n"}
]
批次 4632 (行 46431-46440) 返回结果数 9 与输入数 10 不符，返回内容: [
    {"1p": "v", "2p": "a"},
    {"1p": "a", "2p": ""},
    {"1p": "v", "2p": ""},
    {"1p": "v", "2p": ""},
    {"1p": "a", "2p": ""},
    {"1p": "a", "2p": ""},
    {"1p": "n", "2p": ""},
    {"1p": "v", "2p": "n"},
    {"1p": "v", "2p": "n"}
]
批次 4651 (行 46621-46630) 返回结果数 9 与输入数 10 不符，返回内容: [
    {"1p": "n", "2p": ""},
    {"1p": "a", "2p": "n"},
    {"1p": "v", "2p": ""},
    {"1p": "n", "2p": ""},
    {"1p": "n", "2p": ""},
    {"1p": "v", "2p": ""},
    {"1p": "a", "2p": "n"},
    {"1p": "a", "2p": "n"},
    {"1p": "n", "2p": "n"}
]
批次 4783 (行 47941-47950) 返回结果数 9 与输入数 10 不符，返回内容: [
    {"1p": "a", "2p": "n"},
    {"1p": "d", "2p": "n"},
    {"1p": "n", "2p": ""},
    {"1p": "n", "2p": ""},
    {"1p": "a", "2p": "n"},
    {"1p": "d", "2p": ""},
    {"1p": "a", "2p": "n"},
    {"1p": "n", "2p": "n"},
    {"1p": "v", "2p": "n"}
]
批次 4786 (行 47971-47980) 返回结果数 9 与输入数 10 不符，返回内容: [
    {"1p": "n", "2p": ""},
    {"1p": "n", "2p": "n"},
    {"1p": "n", "2p": "n"},
    {"1p": "n", "2p": ""},
    {"1p": "n", "2p": "v"},
    {"1p": "v", "2p": ""},
    {"1p": "n", "2p": "v"},
    {"1p": "v", "2p": ""},
    {"1p": "n", "2p": "n"}
]
批次 4817 (行 48281-48290) 返回结果数 9 与输入数 10 不符，返回内容: [
    {"1p": "a", "2p": "v"},
    {"1p": "n", "2p": ""},
    {"1p": "n", "2p": ""},
    {"1p": "n", "2p": "n"},
    {"1p": "a", "2p": ""},
    {"1p": "n", "2p": "n"},
    {"1p": "n", "2p": ""},
    {"1p": "v", "2p": "n"},
    {"1p": "v", "2p": ""}
]
批次 4837 (行 48481-48490) 返回结果数 9 与输入数 10 不符，返回内容: [{"1p": "n", "2p": ""}, {"1p": "v", "2p": ""}, {"1p": "n", "2p": ""}, {"1p": "n", "2p": "n"}, {"1p": "n", "2p": "n"}, {"1p": "d", "2p": "n"}, {"1p": "n", "2p": "n"}, {"1p": "n", "2p": ""}, {"1p": "n", "2p": ""}]
批次 4839 (行 48501-48510) 返回结果数 9 与输入数 10 不符，返回内容: [
    {"1p": "a", "2p": ""},
    {"1p": "a", "2p": ""},
    {"1p": "v", "2p": "n"},
    {"1p": "v", "2p": ""},
    {"1p": "a", "2p": ""},
    {"1p": "v", "2p": ""},
    {"1p": "n", "2p": ""},
    {"1p": "a", "2p": "n"},
    {"1p": "n", "2p": "n"}
]
批次 4848 (行 48591-48600) 返回结果数 9 与输入数 10 不符，返回内容: [
    {"1p": "n", "2p": ""},
    {"1p": "n", "2p": "n"},
    {"1p": "v", "2p": ""},
    {"1p": "n", "2p": ""},
    {"1p": "n", "2p": ""},
    {"1p": "v", "2p": ""},
    {"1p": "n", "2p": "n"},
    {"1p": "n", "2p": ""},
    {"1p": "n", "2p": "n"}
]
批次 4904 (行 49151-49160) 返回结果数 9 与输入数 10 不符，返回内容: [
    {"1p": "a", "2p": "n"},
    {"1p": "a", "2p": "n"},
    {"1p": "v", "2p": ""},
    {"1p": "a", "2p": ""},
    {"1p": "v", "2p": ""},
    {"1p": "v", "2p": ""},
    {"1p": "v", "2p": ""},
    {"1p": "v", "2p": "n"},
    {"1p": "n", "2p": "n"}
]
批次 4935 (行 49461-49470) 返回结果数 9 与输入数 10 不符，返回内容: [
    {"1p": "n", "2p": "n"},
    {"1p": "a", "2p": ""},
    {"1p": "n", "2p": "n"},
    {"1p": "a", "2p": "v"},
    {"1p": "n", "2p": "n"},
    {"1p": "v", "2p": "n"},
    {"1p": "n", "2p": "n"},
    {"1p": "n", "2p": ""},
    {"1p": "v", "2p": "n"}
]
批次 4946 (行 49571-49580) 返回结果数 9 与输入数 10 不符，返回内容: [
    {"1p": "a", "2p": "n"},
    {"1p": "n", "2p": ""},
    {"1p": "a", "2p": ""},
    {"1p": "v", "2p": ""},
    {"1p": "a", "2p": "n"},
    {"1p": "n", "2p": "n"},
    {"1p": "v", "2p": ""},
    {"1p": "n", "2p": ""},
    {"1p": "n", "2p": ""}
]
批次 4957 (行 49681-49690) 返回结果数 9 与输入数 10 不符，返回内容: [
    {"1p": "n", "2p": ""},
    {"1p": "n", "2p": ""},
    {"1p": "v", "2p": "n"},
    {"1p": "n", "2p": ""},
    {"1p": "n", "2p": ""},
    {"1p": "n", "2p": ""},
    {"1p": "n", "2p": ""},
    {"1p": "a", "2p": "n"},
    {"1p": "n", "2p": "n"}
]
批次 4992 (行 50031-50040) 返回结果数 9 与输入数 10 不符，返回内容: [
    {"1p": "n", "2p": ""},
    {"1p": "n", "2p": ""},
    {"1p": "a", "2p": "n"},
    {"1p": "n", "2p": ""},
    {"1p": "d", "2p": "n"},
    {"1p": "v", "2p": ""},
    {"1p": "n", "2p": "n"},
    {"1p": "n", "2p": ""},
    {"1p": "v", "2p": "n"}
]
批次 5064 (行 50751-50760) 返回结果数 9 与输入数 10 不符，返回内容: [
    {"1p": "v", "2p": "n"},
    {"1p": "v", "2p": "n"},
    {"1p": "v", "2p": ""},
    {"1p": "n", "2p": ""},
    {"1p": "n", "2p": ""},
    {"1p": "n", "2p": "n"},
    {"1p": "n", "2p": ""},
    {"1p": "v", "2p": "n"},
    {"1p": "n", "2p": "v"}
]
批次 5098 (行 51091-51100) 返回结果数 9 与输入数 10 不符，返回内容: [
    {"1p": "v", "2p": "a"},
    {"1p": "n", "2p": "n"},
    {"1p": "n", "2p": ""},
    {"1p": "a", "2p": "n"},
    {"1p": "v", "2p": "n"},
    {"1p": "n", "2p": ""},
    {"1p": "v", "2p": "n"},
    {"1p": "n", "2p": "n"},
    {"1p": "n", "2p": "v"}
]
批次 5317 (行 53281-53290) 返回结果数 9 与输入数 10 不符，返回内容: [
    {"1p": "d", "2p": "v"},
    {"1p": "d", "2p": "n"},
    {"1p": "n", "2p": "v"},
    {"1p": "n", "2p": "n"},
    {"1p": "n", "2p": ""},
    {"1p": "n", "2p": ""},
    {"1p": "n", "2p": ""},
    {"1p": "n", "2p": "n"},
    {"1p": "v", "2p": "n"}
]
批次 5375 (行 53861-53870) 返回结果数 9 与输入数 10 不符，返回内容: [
    {"1p": "v", "2p": "d"},
    {"1p": "v", "2p": "n"},
    {"1p": "n", "2p": ""},
    {"1p": "n", "2p": ""},
    {"1p": "n", "2p": "n"},
    {"1p": "v", "2p": "n"},
    {"1p": "n", "2p": "n"},
    {"1p": "v", "2p": ""},
    {"1p": "v", "2p": "n"}
]
批次 5389 (行 54001-54010) 返回结果数 9 与输入数 10 不符，返回内容: [
    {"1p": "a", "2p": "v"},
    {"1p": "n", "2p": ""},
    {"1p": "a", "2p": "n"},
    {"1p": "a", "2p": ""},
    {"1p": "n", "2p": ""},
    {"1p": "n", "2p": ""},
    {"1p": "n", "2p": "n"},
    {"1p": "n", "2p": "n"},
    {"1p": "a", "2p": "n"}
]
批次 5421 (行 54321-54330) 返回结果数 9 与输入数 10 不符，返回内容: [
    {"1p": "a", "2p": ""},
    {"1p": "n", "2p": ""},
    {"1p": "n", "2p": "n"},
    {"1p": "n", "2p": "n"},
    {"1p": "n", "2p": "n"},
    {"1p": "n", "2p": "a"},
    {"1p": "v", "2p": "a"},
    {"1p": "n", "2p": ""},
    {"1p": "v", "2p": "n"}
]
批次 5463 (行 54741-54750) 返回结果数 9 与输入数 10 不符，返回内容: [
    {"1p": "v", "2p": ""},
    {"1p": "v", "2p": ""},
    {"1p": "n", "2p": ""},
    {"1p": "v", "2p": ""},
    {"1p": "n", "2p": ""},
    {"1p": "v", "2p": ""},
    {"1p": "n", "2p": "v"},
    {"1p": "n", "2p": ""},
    {"1p": "v", "2p": "n"}
]
批次 5469 (行 54801-54810) 返回结果数 9 与输入数 10 不符，返回内容: [{"1p": "n", "2p": ""}, {"1p": "n", "2p": "n"}, {"1p": "n", "2p": ""}, {"1p": "n", "2p": ""}, {"1p": "a", "2p": ""}, {"1p": "n", "2p": ""}, {"1p": "a", "2p": "n"}, {"1p": "n", "2p": ""}, {"1p": "a", "2p": "n"}]
批次 5473 (行 54841-54850) 返回结果数 9 与输入数 10 不符，返回内容: [{"1p": "n", "2p": "v"}, {"1p": "v", "2p": ""}, {"1p": "a", "2p": ""}, {"1p": "v", "2p": "n"}, {"1p": "v", "2p": ""}, {"1p": "n", "2p": ""}, {"1p": "v", "2p": ""}, {"1p": "v", "2p": ""}, {"1p": "n", "2p": "n"}]
批次 5493 (行 55041-55050) 返回结果数 9 与输入数 10 不符，返回内容: [{"1p": "n", "2p": "n"}, {"1p": "v", "2p": ""}, {"1p": "n", "2p": "n"}, {"1p": "v", "2p": ""}, {"1p": "n", "2p": ""}, {"1p": "v", "2p": ""}, {"1p": "n", "2p": ""}, {"1p": "n", "2p": "n"}, {"1p": "n", "2p": "n"}]
批次 5503 (行 55141-55150) 返回结果数 9 与输入数 10 不符，返回内容: [
    {"1p": "v", "2p": "n"},
    {"1p": "n", "2p": ""},
    {"1p": "a", "2p": "n"},
    {"1p": "n", "2p": ""},
    {"1p": "n", "2p": "n"},
    {"1p": "n", "2p": "n"},
    {"1p": "n", "2p": "n"},
    {"1p": "v", "2p": ""},
    {"1p": "n", "2p": "n"}
]
批次 5509 (行 55201-55210) 返回结果数 9 与输入数 10 不符，返回内容: [{"1p": "a", "2p": "n"}, {"1p": "n", "2p": ""}, {"1p": "a", "2p": ""}, {"1p": "n", "2p": "n"}, {"1p": "v", "2p": ""}, {"1p": "v", "2p": ""}, {"1p": "v", "2p": ""}, {"1p": "v", "2p": ""}, {"1p": "n", "2p": ""}]
批次 5594 (行 56051-56060) 返回结果数 9 与输入数 10 不符，返回内容: [
    {"1p": "n", "2p": "n"},
    {"1p": "n", "2p": "n"},
    {"1p": "a", "2p": "n"},
    {"1p": "n", "2p": "n"},
    {"1p": "n", "2p": "v"},
    {"1p": "v", "2p": ""},
    {"1p": "n", "2p": ""},
    {"1p": "a", "2p": "n"},
    {"1p": "v", "2p": "n"}
]
批次 5599 (行 56101-56110) 返回结果数 9 与输入数 10 不符，返回内容: [
    {"1p": "v", "2p": ""},
    {"1p": "a", "2p": "a"},
    {"1p": "v", "2p": "n"},
    {"1p": "a", "2p": "n"},
    {"1p": "n", "2p": "n"},
    {"1p": "n", "2p": "n"},
    {"1p": "v", "2p": "n"},
    {"1p": "a", "2p": "n"},
    {"1p": "a", "2p": "a"}
]
批次 5623 (行 56341-56350) 返回结果数 9 与输入数 10 不符，返回内容: [
    {"1p": "d", "2p": "n"},
    {"1p": "n", "2p": ""},
    {"1p": "v", "2p": ""},
    {"1p": "v", "2p": "v"},
    {"1p": "n", "2p": ""},
    {"1p": "v", "2p": ""},
    {"1p": "n", "2p": "v"},
    {"1p": "n", "2p": "n"},
    {"1p": "v", "2p": "n"}
]
批次 5636 (行 56471-56480) 返回结果数 9 与输入数 10 不符，返回内容: [
    {"1p": "a", "2p": "a"},
    {"1p": "v", "2p": ""},
    {"1p": "v", "2p": ""},
    {"1p": "v", "2p": ""},
    {"1p": "n", "2p": "n"},
    {"1p": "v", "2p": "n"},
    {"1p": "n", "2p": "v"},
    {"1p": "a", "2p": ""},
    {"1p": "n", "2p": "v"}
]
批次 5701 (行 57121-57130) 返回结果数 9 与输入数 10 不符，返回内容: [
    {"1p": "v", "2p": "n"},
    {"1p": "n", "2p": ""},
    {"1p": "n", "2p": "v"},
    {"1p": "n", "2p": "n"},
    {"1p": "n", "2p": "n"},
    {"1p": "n", "2p": "n"},
    {"1p": "n", "2p": ""},
    {"1p": "n", "2p": "a"},
    {"1p": "v", "2p": ""}
]
批次 5708 (行 57191-57200) 返回结果数 9 与输入数 10 不符，返回内容: [{"1p": "v", "2p": "n"}, {"1p": "a", "2p": ""}, {"1p": "a", "2p": ""}, {"1p": "n", "2p": ""}, {"1p": "n", "2p": "v"}, {"1p": "n", "2p": "n"}, {"1p": "v", "2p": ""}, {"1p": "n", "2p": "v"}, {"1p": "v", "2p": "n"}]
批次 5740 (行 57511-57520) 返回结果数 9 与输入数 10 不符，返回内容: [{"1p": "v", "2p": "n"}, {"1p": "n", "2p": ""}, {"1p": "n", "2p": ""}, {"1p": "a", "2p": "n"}, {"1p": "v", "2p": "n"}, {"1p": "v", "2p": "a"}, {"1p": "n", "2p": ""}, {"1p": "v", "2p": "n"}, {"1p": "v", "2p": "n"}]
批次 5766 (行 57771-57780) 返回结果数 9 与输入数 10 不符，返回内容: [
    {"1p": "n", "2p": "v"},
    {"1p": "n", "2p": ""},
    {"1p": "v", "2p": "n"},
    {"1p": "n", "2p": ""},
    {"1p": "n", "2p": "n"},
    {"1p": "n", "2p": ""},
    {"1p": "n", "2p": ""},
    {"1p": "n", "2p": "n"},
    {"1p": "n", "2p": "n"}
]
批次 5773 (行 57841-57850) 返回结果数 9 与输入数 10 不符，返回内容: [
    {"1p": "v", "2p": "a"},
    {"1p": "n", "2p": ""},
    {"1p": "n", "2p": ""},
    {"1p": "n", "2p": ""},
    {"1p": "v", "2p": "v"},
    {"1p": "n", "2p": "a"},
    {"1p": "n", "2p": "v"},
    {"1p": "v", "2p": ""},
    {"1p": "n", "2p": "n"}
]
批次 5779 (行 57901-57910) 返回结果数 9 与输入数 10 不符，返回内容: [
    {"1p": "v", "2p": ""},
    {"1p": "n", "2p": ""},
    {"1p": "v", "2p": "n"},
    {"1p": "n", "2p": ""},
    {"1p": "n", "2p": ""},
    {"1p": "n", "2p": ""},
    {"1p": "n", "2p": ""},
    {"1p": "n", "2p": ""},
    {"1p": "v", "2p": ""}
]
批次 5871 (行 58821-58830) 返回结果数 9 与输入数 10 不符，返回内容: [
    {"1p": "n", "2p": "n"},
    {"1p": "n", "2p": ""},
    {"1p": "n", "2p": "v"},
    {"1p": "n", "2p": ""},
    {"1p": "n", "2p": ""},
    {"1p": "v", "2p": ""},
    {"1p": "v", "2p": "n"},
    {"1p": "a", "2p": "n"},
    {"1p": "n", "2p": ""}
]
批次 5883 (行 58941-58950) 返回结果数 9 与输入数 10 不符，返回内容: [
    {"1p": "n", "2p": ""},
    {"1p": "v", "2p": "n"},
    {"1p": "v", "2p": "a"},
    {"1p": "n", "2p": ""},
    {"1p": "n", "2p": "n"},
    {"1p": "v", "2p": ""},
    {"1p": "n", "2p": ""},
    {"1p": "a", "2p": "n"},
    {"1p": "a", "2p": "n"}
]
批次 5907 (行 59181-59190) 返回结果数 9 与输入数 10 不符，返回内容: [
    {"1p": "n", "2p": "n"},
    {"1p": "a", "2p": "n"},
    {"1p": "a", "2p": ""},
    {"1p": "n", "2p": ""},
    {"1p": "n", "2p": "a"},
    {"1p": "n", "2p": "n"},
    {"1p": "n", "2p": "n"},
    {"1p": "n", "2p": "n"},
    {"1p": "n", "2p": "n"}
]
批次 5911 (行 59221-59230) 返回结果数 9 与输入数 10 不符，返回内容: [
    {"1p": "v", "2p": "n"},
    {"1p": "v", "2p": "n"},
    {"1p": "a", "2p": "n"},
    {"1p": "n", "2p": "v"},
    {"1p": "n", "2p": "n"},
    {"1p": "n", "2p": "n"},
    {"1p": "n", "2p": "v"},
    {"1p": "n", "2p": "n"},
    {"1p": "n", "2p": "v"}
]
批次 5931 (行 59421-59430) 返回结果数 9 与输入数 10 不符，返回内容: [
    {"1p": "v", "2p": "n"},
    {"1p": "a", "2p": ""},
    {"1p": "a", "2p": "v"},
    {"1p": "n", "2p": "v"},
    {"1p": "n", "2p": "n"},
    {"1p": "n", "2p": "n"},
    {"1p": "n", "2p": "n"},
    {"1p": "n", "2p": "n"},
    {"1p": "v", "2p": "v"}
]
批次 6006 (行 60171-60180) 返回结果数 9 与输入数 10 不符，返回内容: [
    {"1p": "n", "2p": "v"},
    {"1p": "a", "2p": ""},
    {"1p": "a", "2p": "a"},
    {"1p": "n", "2p": ""},
    {"1p": "a", "2p": "n"},
    {"1p": "n", "2p": "v"},
    {"1p": "n", "2p": "n"},
    {"1p": "n", "2p": ""},
    {"1p": "v", "2p": "v"}
]
批次 6034 (行 60451-60460) 返回结果数 9 与输入数 10 不符，返回内容: [
    {"1p": "a", "2p": "v"},
    {"1p": "n", "2p": ""},
    {"1p": "n", "2p": ""},
    {"1p": "v", "2p": ""},
    {"1p": "v", "2p": "n"},
    {"1p": "v", "2p": "n"},
    {"1p": "v", "2p": ""},
    {"1p": "n", "2p": ""},
    {"1p": "n", "2p": ""}
]
批次 6147 (行 61581-61590) 返回结果数 9 与输入数 10 不符，返回内容: [
    {"1p": "v", "2p": ""},
    {"1p": "n", "2p": ""},
    {"1p": "a", "2p": "v"},
    {"1p": "n", "2p": "n"},
    {"1p": "n", "2p": "v"},
    {"1p": "a", "2p": "n"},
    {"1p": "n", "2p": "n"},
    {"1p": "v", "2p": ""},
    {"1p": "n", "2p": "n"}
]
批次 6253 (行 62641-62650) 返回结果数 9 与输入数 10 不符，返回内容: [
    {"1p": "n", "2p": "n"},
    {"1p": "n", "2p": ""},
    {"1p": "d", "2p": "n"},
    {"1p": "n", "2p": "n"},
    {"1p": "n", "2p": "n"},
    {"1p": "v", "2p": "n"},
    {"1p": "n", "2p": ""},
    {"1p": "n", "2p": "n"},
    {"1p": "n", "2p": ""}
]
批次 6273 (行 62841-62850) 返回结果数 9 与输入数 10 不符，返回内容: [
    {"1p": "v", "2p": ""},
    {"1p": "a", "2p": ""},
    {"1p": "n", "2p": "n"},
    {"1p": "v", "2p": ""},
    {"1p": "v", "2p": "n"},
    {"1p": "n", "2p": ""},
    {"1p": "v", "2p": ""},
    {"1p": "n", "2p": "n"},
    {"1p": "a", "2p": ""}
]
批次 6333 (行 63441-63450) 返回结果数 9 与输入数 10 不符，返回内容: [
    {"1p": "v", "2p": ""},
    {"1p": "a", "2p": "v"},
    {"1p": "n", "2p": "n"},
    {"1p": "n", "2p": ""},
    {"1p": "n", "2p": "n"},
    {"1p": "n", "2p": ""},
    {"1p": "n", "2p": "n"},
    {"1p": "n", "2p": "v"},
    {"1p": "n", "2p": ""}
]
批次 6366 (行 63771-63780) 返回结果数 9 与输入数 10 不符，返回内容: [
    {"1p": "n", "2p": ""},
    {"1p": "n", "2p": ""},
    {"1p": "n", "2p": ""},
    {"1p": "v", "2p": "n"},
    {"1p": "a", "2p": "n"},
    {"1p": "n", "2p": ""},
    {"1p": "v", "2p": "n"},
    {"1p": "n", "2p": ""},
    {"1p": "v", "2p": "n"}
]
批次 6430 (行 64411-64420) 返回结果数 9 与输入数 10 不符，返回内容: [
    {"1p": "n", "2p": "a"},
    {"1p": "v", "2p": ""},
    {"1p": "a", "2p": "n"},
    {"1p": "a", "2p": ""},
    {"1p": "a", "2p": "n"},
    {"1p": "n", "2p": ""},
    {"1p": "n", "2p": ""},
    {"1p": "n", "2p": "n"},
    {"1p": "n", "2p": "a"}
]
批次 6454 (行 64651-64660) 返回结果数 9 与输入数 10 不符，返回内容: [
    {"1p": "n", "2p": ""},
    {"1p": "v", "2p": "n"},
    {"1p": "n", "2p": ""},
    {"1p": "n", "2p": "n"},
    {"1p": "a", "2p": "n"},
    {"1p": "n", "2p": ""},
    {"1p": "n", "2p": ""},
    {"1p": "n", "2p": "a"},
    {"1p": "n", "2p": "n"}
]
批次 6465 (行 64761-64770) JSON解析失败，返回内容: [
    {"1p": "a", "2p": "n"},
    {"1p": "n", "2p": ""},
    {"1p": "n", " "2p": ""},
    {"1p": "n", "2p": "n"},
    {"1p": "n", "2p": ""},
    {"1p": "n", "2p": "n"},
    {"1p": "n", "2p": ""},
    {"1p": "n", "2p": ""},
    {"1p": "n", "2p": "n"},
    {"1p": "a", "2p": ""}
]
批次 6474 (行 64851-64860) 返回结果数 9 与输入数 10 不符，返回内容: [
    {"1p": "a", "2p": "n"},
    {"1p": "v", "2p": ""},
    {"1p": "n", "2p": ""},
    {"1p": "v", "2p": ""},
    {"1p": "a", "2p": "n"},
    {"1p": "n", "2p": "n"},
    {"1p": "n", "2p": "n"},
    {"1p": "n", "2p": "n"},
    {"1p": "n", "2p": "n"}
]
批次 6494 (行 65051-65060) 返回结果数 9 与输入数 10 不符，返回内容: [
    {"1p": "v", "2p": ""},
    {"1p": "n", "2p": ""},
    {"1p": "v", "2p": "v"},
    {"1p": "n", "2p": ""},
    {"1p": "v", "2p": "n"},
    {"1p": "n", "2p": ""},
    {"1p": "n", "2p": ""},
    {"1p": "n", "2p": ""},
    {"1p": "n", "2p": "n"}
]
批次 6525 (行 65361-65370) 返回结果数 9 与输入数 10 不符，返回内容: [
    {"1p": "n", "2p": ""},
    {"1p": "a", "2p": ""},
    {"1p": "n", "2p": "a"},
    {"1p": "a", "2p": ""},
    {"1p": "n", "2p": "v"},
    {"1p": "n", "2p": ""},
    {"1p": "v", "2p": "a"},
    {"1p": "n", "2p": "n"},
    {"1p": "a", "2p": "n"}
]
批次 6534 (行 65451-65460) 返回结果数 9 与输入数 10 不符，返回内容: [
    {"1p": "a", "2p": ""},
    {"1p": "a", "2p": "v"},
    {"1p": "a", "2p": ""},
    {"1p": "n", "2p": ""},
    {"1p": "n", "2p": ""},
    {"1p": "v", "2p": ""},
    {"1p": "n", "2p": "v"},
    {"1p": "n", "2p": "n"},
    {"1p": "a", "2p": "n"}
]
批次 6536 (行 65471-65480) 返回结果数 9 与输入数 10 不符，返回内容: [
    {"1p": "n", "2p": "v"},
    {"1p": "a", "2p": "n"},
    {"1p": "a", "2p": "n"},
    {"1p": "n", "2p": "v"},
    {"1p": "a", "2p": "n"},
    {"1p": "n", "2p": "a"},
    {"1p": "a", "2p": "v"},
    {"1p": "n", "2p": ""},
    {"1p": "v", "2p": "n"}
]
批次 6550 (行 65611-65620) 返回结果数 9 与输入数 10 不符，返回内容: [
    {"1p": "n", "2p": ""},
    {"1p": "n", "2p": "a"},
    {"1p": "a", "2p": ""},
    {"1p": "n", "2p": ""},
    {"1p": "n", "2p": "n"},
    {"1p": "n", "2p": ""},
    {"1p": "n", "2p": ""},
    {"1p": "n", "2p": "n"},
    {"1p": "n", "2p": ""}
]
批次 6575 (行 65861-65870) 返回结果数 9 与输入数 10 不符，返回内容: [
    {"1p": "a", "2p": ""},
    {"1p": "n", "2p": "n"},
    {"1p": "a", "2p": "v"},
    {"1p": "a", "2p": "a"},
    {"1p": "v", "2p": "a"},
    {"1p": "n", "2p": ""},
    {"1p": "n", "2p": ""},
    {"1p": "n", "2p": "n"},
    {"1p": "n", "2p": "n"}
]
批次 6579 (行 65901-65910) 返回结果数 9 与输入数 10 不符，返回内容: [
    {"1p": "n", "2p": ""},
    {"1p": "a", "2p": ""},
    {"1p": "n", "2p": ""},
    {"1p": "a", "2p": "n"},
    {"1p": "n", "2p": "d"},
    {"1p": "a", "2p": ""},
    {"1p": "a", "2p": ""},
    {"1p": "n", "2p": "v"},
    {"1p": "n", "2p": "n"}
]
批次 6608 (行 66191-66200) 返回结果数 9 与输入数 10 不符，返回内容: [
    {"1p": "v", "2p": "n"},
    {"1p": "n", "2p": "a"},
    {"1p": "v", "2p": "n"},
    {"1p": "n", "2p": "v"},
    {"1p": "v", "2p": "a"},
    {"1p": "n", "2p": ""},
    {"1p": "v", "2p": "n"},
    {"1p": "n", "2p": "a"},
    {"1p": "n", "2p": "a"}
]
批次 6615 (行 66261-66270) 返回结果数 9 与输入数 10 不符，返回内容: [
    {"1p": "v", "2p": ""},
    {"1p": "v", "2p": "n"},
    {"1p": "a", "2p": ""},
    {"1p": "v", "2p": ""},
    {"1p": "n", "2p": ""},
    {"1p": "n", "2p": ""},
    {"1p": "n", "2p": "n"},
    {"1p": "a", "2p": ""},
    {"1p": "v", "2p": "n"}
]
批次 6627 (行 66381-66390) 返回结果数 9 与输入数 10 不符，返回内容: [{"1p": "v", "2p": "n"}, {"1p": "n", "2p": ""}, {"1p": "n", "2p": ""}, {"1p": "n", "2p": ""}, {"1p": "n", "2p": "n"}, {"1p": "n", "2p": ""}, {"1p": "a", "2p": "n"}, {"1p": "n", "2p": ""}, {"1p": "v", "2p": "n"}]
批次 6630 (行 66411-66420) 返回结果数 9 与输入数 10 不符，返回内容: [
    {"1p": "v", "2p": ""},
    {"1p": "n", "2p": ""},
    {"1p": "n", "2p": ""},
    {"1p": "n", "2p": ""},
    {"1p": "v", "2p": ""},
    {"1p": "a", "2p": ""},
    {"1p": "n", "2p": "v"},
    {"1p": "a", "2p": "n"},
    {"1p": "a", "2p": "n"}
]
批次 6687 (行 66981-66990) 返回结果数 9 与输入数 10 不符，返回内容: [
    {"1p": "n", "2p": ""},
    {"1p": "v", "2p": "n"},
    {"1p": "a", "2p": "n"},
    {"1p": "n", "2p": ""},
    {"1p": "v", "2p": "n"},
    {"1p": "v", "2p": "n"},
    {"1p": "a", "2p": "n"},
    {"1p": "n", "2p": "n"},
    {"1p": "n", "2p": "v"}
]
批次 6727 (行 67381-67390) 返回结果数 9 与输入数 10 不符，返回内容: [
    {"1p": "n", "2p": "a"},
    {"1p": "v", "2p": "n"},
    {"1p": "v", "2p": ""},
    {"1p": "n", "2p": ""},
    {"1p": "n", "2p": "n"},
    {"1p": "n", "2p": "n"},
    {"1p": "n", "2p": "n"},
    {"1p": "n", "2p": ""},
    {"1p": "n", "2p": "a"}
]
批次 6742 (行 67531-67540) 返回结果数 9 与输入数 10 不符，返回内容: [
    {"1p": "n", "2p": "a"},
    {"1p": "n", "2p": "a"},
    {"1p": "n", "2p": "n"},
    {"1p": "v", "2p": ""},
    {"1p": "n", "2p": "a"},
    {"1p": "v", "2p": ""},
    {"1p": "n", "2p": ""},
    {"1p": "n", "2p": "n"},
    {"1p": "v", "2p": "n"}
]
批次 6789 (行 68001-68010) 返回结果数 9 与输入数 10 不符，返回内容: [{"1p": "v", "2p": ""}, {"1p": "a", "2p": "n"}, {"1p": "v", "2p": "n"}, {"1p": "v", "2p": ""}, {"1p": "n", "2p": ""}, {"1p": "n", "2p": "n"}, {"1p": "a", "2p": ""}, {"1p": "n", "2p": "n"}, {"1p": "n", "2p": "n"}]
批次 6826 (行 68371-68380) 返回结果数 9 与输入数 10 不符，返回内容: [
    {"1p": "a", "2p": "a"},
    {"1p": "v", "2p": ""},
    {"1p": "v", "2p": "a"},
    {"1p": "a", "2p": ""},
    {"1p": "n", "2p": ""},
    {"1p": "v", "2p": ""},
    {"1p": "v", "2p": ""},
    {"1p": "a", "2p": "v"},
    {"1p": "a", "2p": "a"}
]
批次 6841 (行 68521-68530) 返回结果数 9 与输入数 10 不符，返回内容: [
    {"1p": "n", "2p": ""},
    {"1p": "n", "2p": ""},
    {"1p": "v", "2p": "a"},
    {"1p": "n", "2p": ""},
    {"1p": "v", "2p": "a"},
    {"1p": "v", "2p": ""},
    {"1p": "v", "2p": ""},
    {"1p": "n", "2p": ""},
    {"1p": "v", "2p": "n"}
]
批次 6843 (行 68541-68550) 返回结果数 9 与输入数 10 不符，返回内容: [{"1p": "v", "2p": "n"}, {"1p": "v", "2p": ""}, {"1p": "v", "2p": ""}, {"1p": "v", "2p": ""}, {"1p": "a", "2p": ""}, {"1p": "v", "2p": ""}, {"1p": "v", "2p": "n"}, {"1p": "v", "2p": "n"}, {"1p": "n", "2p": "a"}]
